# JRE version: OpenJDK Runtime Environment (11.0.9+11) (build 11.0.9+11-post-Debian-1deb10u1)
# Java VM: OpenJDK 64-Bit Server VM (11.0.9+11-post-Debian-1deb10u1, mixed mode, sharing, tiered, compressed oops, g1 gc, linux-amd64)
Heap:
 garbage-first heap   total 15360K, used 4640K [0x000000073a000000, 0x0000000800000000)
  region size 1024K, 2 young (2048K), 1 survivors (1024K)
 Metaspace       used 8406K, capacity 11306K, committed 11648K, reserved 1058816K
  class space    used 1010K, capacity 1328K, committed 1408K, reserved 1048576K
GC Heap History (14 events):
Event: 0.136 GC heap before
{Heap before GC invocations=0 (full 0):
 garbage-first heap   total 10240K, used 3784K [0x000000073a000000, 0x0000000800000000)
  region size 1024K, 3 young (3072K), 0 survivors (0K)
 Metaspace       used 2858K, capacity 6751K, committed 6912K, reserved 1056768K
  class space    used 371K, capacity 766K, committed 768K, reserved 1048576K
}
Event: 0.141 GC heap after
{Heap after GC invocations=1 (full 0):
 garbage-first heap   total 10240K, used 1869K [0x000000073a000000, 0x0000000800000000)
  region size 1024K, 1 young (1024K), 1 survivors (1024K)
 Metaspace       used 2858K, capacity 6751K, committed 6912K, reserved 1056768K
  class space    used 371K, capacity 766K, committed 768K, reserved 1048576K
}
Event: 0.229 GC heap before
{Heap before GC invocations=1 (full 0):
 garbage-first heap   total 10240K, used 3917K [0x000000073a000000, 0x0000000800000000)
  region size 1024K, 3 young (3072K), 1 survivors (1024K)
 Metaspace       used 6290K, capacity 9807K, committed 10112K, reserved 1058816K
  class space    used 782K, capacity 1127K, committed 1152K, reserved 1048576K
}
Event: 0.234 GC heap after
{Heap after GC invocations=2 (full 0):
 garbage-first heap   total 10240K, used 2556K [0x000000073a000000, 0x0000000800000000)
  region size 1024K, 1 young (1024K), 1 survivors (1024K)
 Metaspace       used 6290K, capacity 9807K, committed 10112K, reserved 1058816K
  class space    used 782K, capacity 1127K, committed 1152K, reserved 1048576K
}
Event: 0.264 GC heap before
{Heap before GC invocations=2 (full 0):
 garbage-first heap   total 10240K, used 3580K [0x000000073a000000, 0x0000000800000000)
  region size 1024K, 2 young (2048K), 1 survivors (1024K)
 Metaspace       used 7187K, capacity 10444K, committed 10752K, reserved 1058816K
  class space    used 880K, capacity 1212K, committed 1280K, reserved 1048576K
}
Event: 0.266 GC heap after
{Heap after GC invocations=3 (full 0):
 garbage-first heap   total 10240K, used 2793K [0x000000073a000000, 0x0000000800000000)
  region size 1024K, 1 young (1024K), 1 survivors (1024K)
 Metaspace       used 7187K, capacity 10444K, committed 10752K, reserved 1058816K
  class space    used 880K, capacity 1212K, committed 1280K, reserved 1048576K
}
Event: 0.289 GC heap before
{Heap before GC invocations=4 (full 0):
 garbage-first heap   total 10240K, used 3817K [0x000000073a000000, 0x0000000800000000)
  region size 1024K, 2 young (2048K), 1 survivors (1024K)
 Metaspace       used 7389K, capacity 10596K, committed 10752K, reserved 1058816K
  class space    used 900K, capacity 1220K, committed 1280K, reserved 1048576K
}
Event: 0.291 GC heap after
{Heap after GC invocations=5 (full 0):
 garbage-first heap   total 10240K, used 3257K [0x000000073a000000, 0x0000000800000000)
  region size 1024K, 1 young (1024K), 1 survivors (1024K)
 Metaspace       used 7389K, capacity 10596K, committed 10752K, reserved 1058816K
  class space    used 900K, capacity 1220K, committed 1280K, reserved 1048576K
}
Event: 0.307 GC heap before
{Heap before GC invocations=5 (full 0):
 garbage-first heap   total 10240K, used 4281K [0x000000073a000000, 0x0000000800000000)
  region size 1024K, 2 young (2048K), 1 survivors (1024K)
 Metaspace       used 7571K, capacity 10718K, committed 11008K, reserved 1058816K
  class space    used 925K, capacity 1240K, committed 1280K, reserved 1048576K
}
Event: 0.309 GC heap after
{Heap after GC invocations=6 (full 0):
 garbage-first heap   total 15360K, used 3623K [0x000000073a000000, 0x0000000800000000)
  region size 1024K, 1 young (1024K), 1 survivors (1024K)
 Metaspace       used 7571K, capacity 10718K, committed 11008K, reserved 1058816K
  class space    used 925K, capacity 1240K, committed 1280K, reserved 1048576K
}
Event: 0.338 GC heap before
{Heap before GC invocations=7 (full 0):
 garbage-first heap   total 15360K, used 6695K [0x000000073a000000, 0x0000000800000000)
  region size 1024K, 4 young (4096K), 1 survivors (1024K)
 Metaspace       used 7710K, capacity 10721K, committed 11008K, reserved 1058816K
  class space    used 930K, capacity 1241K, committed 1280K, reserved 1048576K
}
Event: 0.340 GC heap after
{Heap after GC invocations=8 (full 0):
 garbage-first heap   total 15360K, used 4034K [0x000000073a000000, 0x0000000800000000)
  region size 1024K, 1 young (1024K), 1 survivors (1024K)
 Metaspace       used 7710K, capacity 10721K, committed 11008K, reserved 1058816K
  class space    used 930K, capacity 1241K, committed 1280K, reserved 1048576K
}
Event: 0.374 GC heap before
{Heap before GC invocations=8 (full 0):
 garbage-first heap   total 15360K, used 7106K [0x000000073a000000, 0x0000000800000000)
  region size 1024K, 4 young (4096K), 1 survivors (1024K)
 Metaspace       used 8085K, capacity 11072K, committed 11392K, reserved 1058816K
  class space    used 974K, capacity 1293K, committed 1408K, reserved 1048576K
}
Event: 0.376 GC heap after
{Heap after GC invocations=9 (full 0):
 garbage-first heap   total 15360K, used 4640K [0x000000073a000000, 0x0000000800000000)
  region size 1024K, 1 young (1024K), 1 survivors (1024K)
 Metaspace       used 8085K, capacity 11072K, committed 11392K, reserved 1058816K
  class space    used 974K, capacity 1293K, committed 1408K, reserved 1048576K
}

